<?xml version="1.0" encoding="utf-8" standalone="no"?>
<!--This file represents the results of running a test suite-->
<test-results name="D:\intech\Exo2_2\ITI.SimpleRecipesV2.Tests\bin\Debug\ITI.SimpleRecipesV2.Tests.dll" total="1" errors="0" failures="0" not-run="0" inconclusive="0" ignored="0" skipped="0" invalid="0" date="2017-04-04" time="20:19:25">
  <environment nunit-version="2.6.4.14350" clr-version="4.0.30319.42000" os-version="Microsoft Windows NT 6.1.7601 Service Pack 1" platform="Win32NT" cwd="D:\intech\Exo2_2\ITI.SimpleRecipesV2.Tests\bin\Debug" machine-name="SAM_INFO_26" user="DURO" user-domain="SAFO" />
  <culture-info current-culture="fr-FR" current-uiculture="fr-FR" />
  <test-suite type="Assembly" name="D:\intech\Exo2_2\ITI.SimpleRecipesV2.Tests\bin\Debug\ITI.SimpleRecipesV2.Tests.dll" executed="True" result="Success" success="True" time="0.038" asserts="0">
    <results>
      <test-suite type="Namespace" name="ITI" executed="True" result="Success" success="True" time="0.037" asserts="0">
        <results>
          <test-suite type="Namespace" name="SimpleRecipesV2" executed="True" result="Success" success="True" time="0.037" asserts="0">
            <results>
              <test-suite type="Namespace" name="Tests" executed="True" result="Success" success="True" time="0.036" asserts="0">
                <results>
                  <test-suite type="TestFixture" name="T6SavingAndLoading" executed="True" result="Success" success="True" time="0.034" asserts="0">
                    <results>
                      <test-case name="ITI.SimpleRecipesV2.Tests.T6SavingAndLoading.t1_saving_and_reloading_kitchen" executed="True" result="Success" success="True" time="0.005" asserts="2" />
                    </results>
                  </test-suite>
                </results>
              </test-suite>
            </results>
          </test-suite>
        </results>
      </test-suite>
    </results>
  </test-suite>
</test-results>